[debug] [2020-11-03T10:48:42.091Z] ----------------------------------------------------------------------
[debug] [2020-11-03T10:48:42.093Z] Command:       /Users/russellwheatley/.nvm/versions/node/v12.13.0/bin/node /Users/russellwheatley/.nvm/versions/node/v12.13.0/bin/firebase ext:install . --project=extensions-testing
[debug] [2020-11-03T10:48:42.093Z] CLI Version:   8.14.1
[debug] [2020-11-03T10:48:42.093Z] Platform:      darwin
[debug] [2020-11-03T10:48:42.093Z] Node Version:  v12.13.0
[debug] [2020-11-03T10:48:42.094Z] Time:          Tue Nov 03 2020 10:48:42 GMT+0000 (Greenwich Mean Time)
[debug] [2020-11-03T10:48:42.094Z] ----------------------------------------------------------------------
[debug] [2020-11-03T10:48:42.094Z] 
[debug] [2020-11-03T10:48:42.099Z] > command requires scopes: ["email","openid","https://www.googleapis.com/auth/cloudplatformprojects.readonly","https://www.googleapis.com/auth/firebase","https://www.googleapis.com/auth/cloud-platform"]
[debug] [2020-11-03T10:48:42.099Z] > authorizing via signed-in user
[debug] [2020-11-03T10:48:42.100Z] [iam] checking project extensions-testing for permissions ["firebase.projects.get","firebaseextensions.instances.create"]
[debug] [2020-11-03T10:48:42.102Z] > refreshing access token with scopes: ["email","https://www.googleapis.com/auth/cloud-platform","https://www.googleapis.com/auth/cloudplatformprojects.readonly","https://www.googleapis.com/auth/firebase","openid"]
[debug] [2020-11-03T10:48:42.102Z] >>> HTTP REQUEST POST https://www.googleapis.com/oauth2/v3/token  
 <request body omitted>
[debug] [2020-11-03T10:48:42.246Z] <<< HTTP RESPONSE 200 {"cache-control":"no-cache, no-store, max-age=0, must-revalidate","pragma":"no-cache","expires":"Mon, 01 Jan 1990 00:00:00 GMT","date":"Tue, 03 Nov 2020 10:48:42 GMT","content-type":"application/json; charset=utf-8","vary":"X-Origin, Referer, Origin,Accept-Encoding","server":"scaffolding on HTTPServer2","x-xss-protection":"0","x-frame-options":"SAMEORIGIN","x-content-type-options":"nosniff","alt-svc":"h3-Q050=\":443\"; ma=2592000,h3-29=\":443\"; ma=2592000,h3-T051=\":443\"; ma=2592000,h3-T050=\":443\"; ma=2592000,h3-Q046=\":443\"; ma=2592000,h3-Q043=\":443\"; ma=2592000,quic=\":443\"; ma=2592000; v=\"46,43\"","accept-ranges":"none","transfer-encoding":"chunked"}
[debug] [2020-11-03T10:48:42.260Z] >>> HTTP REQUEST POST https://cloudresourcemanager.googleapis.com/v1/projects/extensions-testing:testIamPermissions  
 {"permissions":["firebase.projects.get","firebaseextensions.instances.create"]}
[debug] [2020-11-03T10:48:42.912Z] <<< HTTP RESPONSE 200 {"content-type":"application/json; charset=UTF-8","vary":"X-Origin, Referer, Origin,Accept-Encoding","date":"Tue, 03 Nov 2020 10:48:42 GMT","server":"ESF","cache-control":"private","x-xss-protection":"0","x-frame-options":"SAMEORIGIN","x-content-type-options":"nosniff","server-timing":"gfet4t7; dur=561","alt-svc":"h3-Q050=\":443\"; ma=2592000,h3-29=\":443\"; ma=2592000,h3-T051=\":443\"; ma=2592000,h3-T050=\":443\"; ma=2592000,h3-Q046=\":443\"; ma=2592000,h3-Q043=\":443\"; ma=2592000,quic=\":443\"; ma=2592000; v=\"46,43\"","accept-ranges":"none","transfer-encoding":"chunked"}
[info] i  extensions: ensuring required API firebaseextensions.googleapis.com is enabled... 
[debug] [2020-11-03T10:48:42.914Z] >>> HTTP REQUEST GET https://serviceusage.googleapis.com/v1/projects/extensions-testing/services/firebaseextensions.googleapis.com  
 
[debug] [2020-11-03T10:48:43.760Z] <<< HTTP RESPONSE 200 {"content-type":"application/json; charset=UTF-8","vary":"X-Origin, Referer, Origin,Accept-Encoding","date":"Tue, 03 Nov 2020 10:48:43 GMT","server":"ESF","cache-control":"private","x-xss-protection":"0","x-frame-options":"SAMEORIGIN","x-content-type-options":"nosniff","alt-svc":"h3-Q050=\":443\"; ma=2592000,h3-29=\":443\"; ma=2592000,h3-T051=\":443\"; ma=2592000,h3-T050=\":443\"; ma=2592000,h3-Q046=\":443\"; ma=2592000,h3-Q043=\":443\"; ma=2592000,quic=\":443\"; ma=2592000; v=\"46,43\"","accept-ranges":"none","transfer-encoding":"chunked"}
[info] ✔  extensions: required API firebaseextensions.googleapis.com is enabled 
[debug] [2020-11-03T10:48:43.762Z] >>> HTTP REQUEST GET https://extensions-registry.firebaseapp.com/extensions.json  
 
[debug] [2020-11-03T10:48:44.198Z] <<< HTTP RESPONSE 200 {"connection":"keep-alive","content-length":"15859","access-control-allow-origin":"*","cache-control":"max-age=3600","content-type":"application/json","etag":"\"86ab1c297cc86dde9bdf16b4650f9b3c7a92eb38e6fb8321b83e96ec4f730d5f\"","last-modified":"Thu, 22 Oct 2020 17:53:50 GMT","strict-transport-security":"max-age=31556926; includeSubDomains; preload","accept-ranges":"bytes","date":"Tue, 03 Nov 2020 10:48:44 GMT","x-served-by":"cache-lcy19263-LCY","x-cache":"MISS","x-cache-hits":"0","x-timer":"S1604400524.835635,VS0,VE295","vary":"x-fh-requested-host, accept-encoding"}
[debug] [2020-11-03T10:48:44.265Z] Archived 75.41 KB in ..
[debug] [2020-11-03T10:48:44.265Z] >>> HTTP REQUEST PUT https://storage.googleapis.com/firebase-ext-eap-uploads/firebase-archive-9978maGFAop9AIfP.zip  
 <request body omitted>
[debug] [2020-11-03T10:48:45.002Z] <<< HTTP RESPONSE 200 {"x-guploader-uploadid":"ABg5-Ux-uIY_oeap1-DHULKyY5nxqjccNCVsRQYMSSfupPaLZ7mrqtaK0xVPFNnDHdhZWBZZzlOuUfhS1hBvE5rHF7iIO_9puA","etag":"\"8d5ace136d615826f0c3cc13cce67f3a\"","x-goog-generation":"1604400524832976","x-goog-metageneration":"1","x-goog-hash":"crc32c=cqoy6w==, md5=jVrOE21hWCbww8wTzOZ/Og==","x-goog-stored-content-length":"77218","x-goog-stored-content-encoding":"identity","vary":"Origin","content-length":"0","date":"Tue, 03 Nov 2020 10:48:44 GMT","server":"UploadServer","content-type":"text/html; charset=UTF-8","alt-svc":"h3-Q050=\":443\"; ma=2592000,h3-29=\":443\"; ma=2592000,h3-T051=\":443\"; ma=2592000,h3-T050=\":443\"; ma=2592000,h3-Q046=\":443\"; ma=2592000,h3-Q043=\":443\"; ma=2592000,quic=\":443\"; ma=2592000; v=\"46,43\""}
[debug] [2020-11-03T10:48:45.003Z] >>> HTTP REQUEST POST https://firebaseextensions.googleapis.com/v1beta/projects/extensions-testing/sources/  
 {"packageUri":"https://storage.googleapis.com/firebase-ext-eap-uploads/firebase-archive-9978maGFAop9AIfP.zip?alt=media","extensionRoot":"/"}
[debug] [2020-11-03T10:48:46.125Z] <<< HTTP RESPONSE 200 {"content-type":"application/json; charset=UTF-8","vary":"X-Origin, Referer, Origin,Accept-Encoding","date":"Tue, 03 Nov 2020 10:48:46 GMT","server":"ESF","cache-control":"private","x-xss-protection":"0","x-frame-options":"SAMEORIGIN","x-content-type-options":"nosniff","alt-svc":"h3-Q050=\":443\"; ma=2592000,h3-29=\":443\"; ma=2592000,h3-T051=\":443\"; ma=2592000,h3-T050=\":443\"; ma=2592000,h3-Q046=\":443\"; ma=2592000,h3-Q043=\":443\"; ma=2592000,quic=\":443\"; ma=2592000; v=\"46,43\"","accept-ranges":"none","transfer-encoding":"chunked"}
[debug] [2020-11-03T10:48:46.127Z] >>> HTTP REQUEST GET https://firebaseextensions.googleapis.com/v1beta/projects/extensions-testing/operations/36134be8-4380-4001-95d0-09c0f55ef1c6  
 
[debug] [2020-11-03T10:48:47.973Z] <<< HTTP RESPONSE 200 {"content-type":"application/json; charset=UTF-8","vary":"X-Origin, Referer, Origin,Accept-Encoding","date":"Tue, 03 Nov 2020 10:48:47 GMT","server":"ESF","cache-control":"private","x-xss-protection":"0","x-frame-options":"SAMEORIGIN","x-content-type-options":"nosniff","alt-svc":"h3-Q050=\":443\"; ma=2592000,h3-29=\":443\"; ma=2592000,h3-T051=\":443\"; ma=2592000,h3-T050=\":443\"; ma=2592000,h3-Q046=\":443\"; ma=2592000,h3-Q043=\":443\"; ma=2592000,quic=\":443\"; ma=2592000; v=\"46,43\"","accept-ranges":"none","transfer-encoding":"chunked"}
[debug] [2020-11-03T10:48:47.977Z] Created new Extension Source %s projects/extensions-testing/sources/d8ef6e10-2f4f-4b92-8443-a4f7c815681f
[debug] [2020-11-03T10:48:47.977Z] >>> HTTP REQUEST DELETE https://storage.googleapis.com/firebase-ext-eap-uploads/firebase-archive-9978maGFAop9AIfP.zip  
 
[debug] [2020-11-03T10:48:48.585Z] <<< HTTP RESPONSE 204 {"x-guploader-uploadid":"ABg5-UwGzBnkAEZboa5vjtxV1tCK3g5peGuIxhhcDQ1eaNvDJqpH2SravNxD6n-_EeJRfEzMdKhdesv6j87302JGUA","vary":"Origin","date":"Tue, 03 Nov 2020 10:48:48 GMT","expires":"Tue, 03 Nov 2020 10:48:48 GMT","cache-control":"private, max-age=0","content-length":"0","server":"UploadServer","alt-svc":"h3-Q050=\":443\"; ma=2592000,h3-29=\":443\"; ma=2592000,h3-T051=\":443\"; ma=2592000,h3-T050=\":443\"; ma=2592000,h3-Q046=\":443\"; ma=2592000,h3-Q043=\":443\"; ma=2592000,quic=\":443\"; ma=2592000; v=\"46,43\""}
[debug] [2020-11-03T10:48:48.586Z] Cleaned up uploaded source archive
[info] i  extensions: information about .: 
[info] Name: Limit Child Nodes
Author: Firebase (https://firebase.google.com)
Description: Limits the number of nodes to a specified maximum count in a specified Realtime Database path.

[debug] [2020-11-03T10:48:48.588Z] >>> HTTP REQUEST GET https://cloudbilling.googleapis.com/v1/projects/extensions-testing/billingInfo  
 
[debug] [2020-11-03T10:48:49.406Z] <<< HTTP RESPONSE 200 {"content-type":"application/json; charset=UTF-8","vary":"X-Origin, Referer, Origin,Accept-Encoding","date":"Tue, 03 Nov 2020 10:48:49 GMT","server":"ESF","cache-control":"private","x-xss-protection":"0","x-frame-options":"SAMEORIGIN","x-content-type-options":"nosniff","alt-svc":"h3-Q050=\":443\"; ma=2592000,h3-29=\":443\"; ma=2592000,h3-T051=\":443\"; ma=2592000,h3-T050=\":443\"; ma=2592000,h3-Q046=\":443\"; ma=2592000,h3-Q043=\":443\"; ma=2592000,quic=\":443\"; ma=2592000; v=\"46,43\"","accept-ranges":"none","transfer-encoding":"chunked"}
[warn] ⚠  extensions: You will be charged around $0.01/month for the Firebase resources required by this extension (even if it is not used). Additionally, using this extension will contribute to your project's overall usage level of Firebase services. However, you'll only be charged for usage that exceeds Firebase's free tier for those services.

See pricing examples: https://cloud.google.com/functions/pricing#pricing_examples
See the FAQ: https://firebase.google.com/support/faq/#extensions-pricing

 
[debug] [2020-11-03T10:48:54.966Z] >>> HTTP REQUEST GET https://iam.googleapis.com/v1/roles/firebasedatabase.admin  
 
[debug] [2020-11-03T10:48:55.858Z] <<< HTTP RESPONSE 200 {"content-type":"application/json; charset=UTF-8","vary":"X-Origin, Referer, Origin,Accept-Encoding","date":"Tue, 03 Nov 2020 10:48:55 GMT","server":"ESF","cache-control":"private","x-xss-protection":"0","x-frame-options":"SAMEORIGIN","x-content-type-options":"nosniff","alt-svc":"h3-Q050=\":443\"; ma=2592000,h3-29=\":443\"; ma=2592000,h3-T051=\":443\"; ma=2592000,h3-T050=\":443\"; ma=2592000,h3-Q046=\":443\"; ma=2592000,h3-Q043=\":443\"; ma=2592000,quic=\":443\"; ma=2592000; v=\"46,43\"","accept-ranges":"none","transfer-encoding":"chunked"}
[info] i  extensions: Limit Child Nodes will be granted the following access to project extensions-testing
- Firebase Realtime Database Admin (Full read/write access to Firebase Realtime Database resources.) 
[debug] [2020-11-03T10:48:58.404Z] >>> HTTP REQUEST GET https://firebaseextensions.googleapis.com/v1beta/projects/extensions-testing/instances/rtdb-limit-child-nodes  
 
[debug] [2020-11-03T10:48:59.250Z] <<< HTTP RESPONSE 200 {"content-type":"application/json; charset=UTF-8","vary":"X-Origin, Referer, Origin,Accept-Encoding","date":"Tue, 03 Nov 2020 10:48:59 GMT","server":"ESF","cache-control":"private","x-xss-protection":"0","x-frame-options":"SAMEORIGIN","x-content-type-options":"nosniff","alt-svc":"h3-Q050=\":443\"; ma=2592000,h3-29=\":443\"; ma=2592000,h3-T051=\":443\"; ma=2592000,h3-T050=\":443\"; ma=2592000,h3-Q046=\":443\"; ma=2592000,h3-Q043=\":443\"; ma=2592000,quic=\":443\"; ma=2592000; v=\"46,43\"","accept-ranges":"none","transfer-encoding":"chunked"}
[debug] [2020-11-03T10:49:04.860Z] >>> HTTP REQUEST GET https://firebase.googleapis.com/v1beta1/projects/extensions-testing/adminSdkConfig  
 
[debug] [2020-11-03T10:49:05.156Z] <<< HTTP RESPONSE 200 {"content-type":"application/json; charset=UTF-8","vary":"X-Origin, Referer, Origin,Accept-Encoding","date":"Tue, 03 Nov 2020 10:49:05 GMT","server":"ESF","cache-control":"private","x-xss-protection":"0","x-frame-options":"SAMEORIGIN","x-content-type-options":"nosniff","alt-svc":"h3-Q050=\":443\"; ma=2592000,h3-29=\":443\"; ma=2592000,h3-T051=\":443\"; ma=2592000,h3-T050=\":443\"; ma=2592000,h3-Q046=\":443\"; ma=2592000,h3-Q043=\":443\"; ma=2592000,quic=\":443\"; ma=2592000; v=\"46,43\"","accept-ranges":"none","transfer-encoding":"chunked"}
[info] i  extensions: answer the questions below to configure your extension: 
[info] 
Cloud Functions location: Where do you want to deploy the functions created for this extension?  You usually want a location close to your database. Realtime Database  instances are located in us-central1. For help selecting a  location, refer to the location selection  guide (https://firebase.google.com/docs/functions/locations).
[info] 
Realtime Database path: What is the Realtime Database path for which you want to limit the number of child nodes?
[info] 
Maximum count of nodes to keep: What is the maximum count of nodes to keep in your specified database path? The oldest nodes will be deleted first to maintain this max count.
[info] 
[debug] [2020-11-03T10:49:23.843Z] >>> HTTP REQUEST POST https://firebaseextensions.googleapis.com/v1beta/projects/extensions-testing/instances/  
 {"name":"projects/extensions-testing/instances/rtdb-limit-child-nodes-9mim","config":{"source":{"name":"projects/extensions-testing/sources/d8ef6e10-2f4f-4b92-8443-a4f7c815681f"},"params":{"LOCATION":"europe-west2","NODE_PATH":"testing","MAX_COUNT":"2"}}}
[debug] [2020-11-03T10:49:24.941Z] <<< HTTP RESPONSE 200 {"content-type":"application/json; charset=UTF-8","vary":"X-Origin, Referer, Origin,Accept-Encoding","date":"Tue, 03 Nov 2020 10:49:24 GMT","server":"ESF","cache-control":"private","x-xss-protection":"0","x-frame-options":"SAMEORIGIN","x-content-type-options":"nosniff","alt-svc":"h3-Q050=\":443\"; ma=2592000,h3-29=\":443\"; ma=2592000,h3-T051=\":443\"; ma=2592000,h3-T050=\":443\"; ma=2592000,h3-Q046=\":443\"; ma=2592000,h3-Q043=\":443\"; ma=2592000,quic=\":443\"; ma=2592000; v=\"46,43\"","accept-ranges":"none","transfer-encoding":"chunked"}
[debug] [2020-11-03T10:49:24.942Z] >>> HTTP REQUEST GET https://firebaseextensions.googleapis.com/v1beta/projects/extensions-testing/operations/7f3ef416-3774-4734-b7cd-c90b35febfad  
 
[debug] [2020-11-03T10:49:26.476Z] <<< HTTP RESPONSE 200 {"content-type":"application/json; charset=UTF-8","vary":"X-Origin, Referer, Origin,Accept-Encoding","date":"Tue, 03 Nov 2020 10:49:26 GMT","server":"ESF","cache-control":"private","x-xss-protection":"0","x-frame-options":"SAMEORIGIN","x-content-type-options":"nosniff","alt-svc":"h3-Q050=\":443\"; ma=2592000,h3-29=\":443\"; ma=2592000,h3-T051=\":443\"; ma=2592000,h3-T050=\":443\"; ma=2592000,h3-Q046=\":443\"; ma=2592000,h3-Q043=\":443\"; ma=2592000,quic=\":443\"; ma=2592000; v=\"46,43\"","accept-ranges":"none","transfer-encoding":"chunked"}
[debug] [2020-11-03T10:49:26.981Z] [LRO Poller] Retrying task index 0
[debug] [2020-11-03T10:49:26.982Z] >>> HTTP REQUEST GET https://firebaseextensions.googleapis.com/v1beta/projects/extensions-testing/operations/7f3ef416-3774-4734-b7cd-c90b35febfad  
 
[debug] [2020-11-03T10:49:28.581Z] <<< HTTP RESPONSE 200 {"content-type":"application/json; charset=UTF-8","vary":"X-Origin, Referer, Origin,Accept-Encoding","date":"Tue, 03 Nov 2020 10:49:28 GMT","server":"ESF","cache-control":"private","x-xss-protection":"0","x-frame-options":"SAMEORIGIN","x-content-type-options":"nosniff","alt-svc":"h3-Q050=\":443\"; ma=2592000,h3-29=\":443\"; ma=2592000,h3-T051=\":443\"; ma=2592000,h3-T050=\":443\"; ma=2592000,h3-Q046=\":443\"; ma=2592000,h3-Q043=\":443\"; ma=2592000,quic=\":443\"; ma=2592000; v=\"46,43\"","accept-ranges":"none","transfer-encoding":"chunked"}
[debug] [2020-11-03T10:49:29.585Z] [LRO Poller] Retrying task index 0
[debug] [2020-11-03T10:49:29.585Z] >>> HTTP REQUEST GET https://firebaseextensions.googleapis.com/v1beta/projects/extensions-testing/operations/7f3ef416-3774-4734-b7cd-c90b35febfad  
 
[debug] [2020-11-03T10:49:31.288Z] <<< HTTP RESPONSE 200 {"content-type":"application/json; charset=UTF-8","vary":"X-Origin, Referer, Origin,Accept-Encoding","date":"Tue, 03 Nov 2020 10:49:31 GMT","server":"ESF","cache-control":"private","x-xss-protection":"0","x-frame-options":"SAMEORIGIN","x-content-type-options":"nosniff","alt-svc":"h3-Q050=\":443\"; ma=2592000,h3-29=\":443\"; ma=2592000,h3-T051=\":443\"; ma=2592000,h3-T050=\":443\"; ma=2592000,h3-Q046=\":443\"; ma=2592000,h3-Q043=\":443\"; ma=2592000,quic=\":443\"; ma=2592000; v=\"46,43\"","accept-ranges":"none","transfer-encoding":"chunked"}
[debug] [2020-11-03T10:49:33.292Z] [LRO Poller] Retrying task index 0
[debug] [2020-11-03T10:49:33.293Z] >>> HTTP REQUEST GET https://firebaseextensions.googleapis.com/v1beta/projects/extensions-testing/operations/7f3ef416-3774-4734-b7cd-c90b35febfad  
 
[debug] [2020-11-03T10:49:35.079Z] <<< HTTP RESPONSE 200 {"content-type":"application/json; charset=UTF-8","vary":"X-Origin, Referer, Origin,Accept-Encoding","date":"Tue, 03 Nov 2020 10:49:34 GMT","server":"ESF","cache-control":"private","x-xss-protection":"0","x-frame-options":"SAMEORIGIN","x-content-type-options":"nosniff","alt-svc":"h3-Q050=\":443\"; ma=2592000,h3-29=\":443\"; ma=2592000,h3-T051=\":443\"; ma=2592000,h3-T050=\":443\"; ma=2592000,h3-Q046=\":443\"; ma=2592000,h3-Q043=\":443\"; ma=2592000,quic=\":443\"; ma=2592000; v=\"46,43\"","accept-ranges":"none","transfer-encoding":"chunked"}
[debug] [2020-11-03T10:49:39.085Z] [LRO Poller] Retrying task index 0
[debug] [2020-11-03T10:49:39.085Z] >>> HTTP REQUEST GET https://firebaseextensions.googleapis.com/v1beta/projects/extensions-testing/operations/7f3ef416-3774-4734-b7cd-c90b35febfad  
 
[debug] [2020-11-03T10:49:40.875Z] <<< HTTP RESPONSE 200 {"content-type":"application/json; charset=UTF-8","vary":"X-Origin, Referer, Origin,Accept-Encoding","date":"Tue, 03 Nov 2020 10:49:40 GMT","server":"ESF","cache-control":"private","x-xss-protection":"0","x-frame-options":"SAMEORIGIN","x-content-type-options":"nosniff","alt-svc":"h3-Q050=\":443\"; ma=2592000,h3-29=\":443\"; ma=2592000,h3-T051=\":443\"; ma=2592000,h3-T050=\":443\"; ma=2592000,h3-Q046=\":443\"; ma=2592000,h3-Q043=\":443\"; ma=2592000,quic=\":443\"; ma=2592000; v=\"46,43\"","accept-ranges":"none","transfer-encoding":"chunked"}
[debug] [2020-11-03T10:49:48.879Z] [LRO Poller] Retrying task index 0
[debug] [2020-11-03T10:49:48.880Z] >>> HTTP REQUEST GET https://firebaseextensions.googleapis.com/v1beta/projects/extensions-testing/operations/7f3ef416-3774-4734-b7cd-c90b35febfad  
 
[debug] [2020-11-03T10:49:50.356Z] <<< HTTP RESPONSE 200 {"content-type":"application/json; charset=UTF-8","vary":"X-Origin, Referer, Origin,Accept-Encoding","date":"Tue, 03 Nov 2020 10:49:50 GMT","server":"ESF","cache-control":"private","x-xss-protection":"0","x-frame-options":"SAMEORIGIN","x-content-type-options":"nosniff","alt-svc":"h3-Q050=\":443\"; ma=2592000,h3-29=\":443\"; ma=2592000,h3-T051=\":443\"; ma=2592000,h3-T050=\":443\"; ma=2592000,h3-Q046=\":443\"; ma=2592000,h3-Q043=\":443\"; ma=2592000,quic=\":443\"; ma=2592000; v=\"46,43\"","accept-ranges":"none","transfer-encoding":"chunked"}
[debug] [2020-11-03T10:50:06.359Z] [LRO Poller] Retrying task index 0
[debug] [2020-11-03T10:50:06.360Z] >>> HTTP REQUEST GET https://firebaseextensions.googleapis.com/v1beta/projects/extensions-testing/operations/7f3ef416-3774-4734-b7cd-c90b35febfad  
 
[debug] [2020-11-03T10:50:08.015Z] <<< HTTP RESPONSE 200 {"content-type":"application/json; charset=UTF-8","vary":"X-Origin, Referer, Origin,Accept-Encoding","date":"Tue, 03 Nov 2020 10:50:07 GMT","server":"ESF","cache-control":"private","x-xss-protection":"0","x-frame-options":"SAMEORIGIN","x-content-type-options":"nosniff","alt-svc":"h3-Q050=\":443\"; ma=2592000,h3-29=\":443\"; ma=2592000,h3-T051=\":443\"; ma=2592000,h3-T050=\":443\"; ma=2592000,h3-Q046=\":443\"; ma=2592000,h3-Q043=\":443\"; ma=2592000,quic=\":443\"; ma=2592000; v=\"46,43\"","accept-ranges":"none","transfer-encoding":"chunked"}
[debug] [2020-11-03T10:50:40.020Z] [LRO Poller] Retrying task index 0
[debug] [2020-11-03T10:50:40.021Z] >>> HTTP REQUEST GET https://firebaseextensions.googleapis.com/v1beta/projects/extensions-testing/operations/7f3ef416-3774-4734-b7cd-c90b35febfad  
 
[debug] [2020-11-03T10:50:41.524Z] <<< HTTP RESPONSE 200 {"content-type":"application/json; charset=UTF-8","vary":"X-Origin, Referer, Origin,Accept-Encoding","date":"Tue, 03 Nov 2020 10:50:41 GMT","server":"ESF","cache-control":"private","x-xss-protection":"0","x-frame-options":"SAMEORIGIN","x-content-type-options":"nosniff","alt-svc":"h3-Q050=\":443\"; ma=2592000,h3-29=\":443\"; ma=2592000,h3-T051=\":443\"; ma=2592000,h3-T050=\":443\"; ma=2592000,h3-Q046=\":443\"; ma=2592000,h3-Q043=\":443\"; ma=2592000,quic=\":443\"; ma=2592000; v=\"46,43\"","accept-ranges":"none","transfer-encoding":"chunked"}
